{"/home/dvalle/nodeProj/DataStructures/src/binarySearch.js":{"path":"/home/dvalle/nodeProj/DataStructures/src/binarySearch.js","s":{"1":1,"2":4,"3":3,"4":1,"5":1,"6":19,"7":2,"8":1,"9":1,"10":17,"11":1,"12":17,"13":17,"14":17,"15":0,"16":17,"17":16,"18":1,"19":1},"b":{"1":[3,1],"2":[4,3],"3":[2,17],"4":[19,19,2],"5":[1,1],"6":[0,17],"7":[16,1]},"f":{"1":4,"2":19,"3":17},"fnMap":{"1":{"name":"BinarySearch","line":1,"loc":{"start":{"line":1,"column":0},"end":{"line":1,"column":46}}},"2":{"name":"searchbyIndex","line":8,"loc":{"start":{"line":8,"column":2},"end":{"line":8,"column":37}}},"3":{"name":"divideSearchDomains","line":19,"loc":{"start":{"line":19,"column":2},"end":{"line":19,"column":43}}}},"statementMap":{"1":{"start":{"line":1,"column":0},"end":{"line":30,"column":1}},"2":{"start":{"line":2,"column":2},"end":{"line":6,"column":3}},"3":{"start":{"line":3,"column":4},"end":{"line":3,"column":55}},"4":{"start":{"line":5,"column":4},"end":{"line":5,"column":41}},"5":{"start":{"line":8,"column":2},"end":{"line":17,"column":3}},"6":{"start":{"line":9,"column":6},"end":{"line":16,"column":7}},"7":{"start":{"line":10,"column":8},"end":{"line":13,"column":51}},"8":{"start":{"line":11,"column":10},"end":{"line":11,"column":21}},"9":{"start":{"line":13,"column":10},"end":{"line":13,"column":51}},"10":{"start":{"line":15,"column":8},"end":{"line":15,"column":47}},"11":{"start":{"line":19,"column":2},"end":{"line":29,"column":3}},"12":{"start":{"line":20,"column":4},"end":{"line":20,"column":45}},"13":{"start":{"line":21,"column":4},"end":{"line":21,"column":29}},"14":{"start":{"line":22,"column":4},"end":{"line":24,"column":5}},"15":{"start":{"line":23,"column":6},"end":{"line":23,"column":44}},"16":{"start":{"line":25,"column":4},"end":{"line":27,"column":5}},"17":{"start":{"line":26,"column":6},"end":{"line":26,"column":46}},"18":{"start":{"line":28,"column":4},"end":{"line":28,"column":18}},"19":{"start":{"line":32,"column":0},"end":{"line":32,"column":30}}},"branchMap":{"1":{"line":2,"type":"if","locations":[{"start":{"line":2,"column":2},"end":{"line":2,"column":2}},{"start":{"line":2,"column":2},"end":{"line":2,"column":2}}]},"2":{"line":2,"type":"binary-expr","locations":[{"start":{"line":2,"column":6},"end":{"line":2,"column":27}},{"start":{"line":2,"column":31},"end":{"line":2,"column":59}}]},"3":{"line":9,"type":"if","locations":[{"start":{"line":9,"column":6},"end":{"line":9,"column":6}},{"start":{"line":9,"column":6},"end":{"line":9,"column":6}}]},"4":{"line":9,"type":"binary-expr","locations":[{"start":{"line":9,"column":10},"end":{"line":9,"column":22}},{"start":{"line":9,"column":27},"end":{"line":9,"column":35}},{"start":{"line":9,"column":39},"end":{"line":9,"column":50}}]},"5":{"line":10,"type":"if","locations":[{"start":{"line":10,"column":8},"end":{"line":10,"column":8}},{"start":{"line":10,"column":8},"end":{"line":10,"column":8}}]},"6":{"line":22,"type":"if","locations":[{"start":{"line":22,"column":4},"end":{"line":22,"column":4}},{"start":{"line":22,"column":4},"end":{"line":22,"column":4}}]},"7":{"line":25,"type":"if","locations":[{"start":{"line":25,"column":4},"end":{"line":25,"column":4}},{"start":{"line":25,"column":4},"end":{"line":25,"column":4}}]}}},"/home/dvalle/nodeProj/DataStructures/src/linkedList.js":{"path":"/home/dvalle/nodeProj/DataStructures/src/linkedList.js","s":{"1":1,"2":1,"3":1,"4":5,"5":5,"6":5,"7":2,"8":2,"9":2,"10":3,"11":1,"12":3,"13":3,"14":3,"15":3,"16":2,"17":2,"18":2,"19":2,"20":2,"21":5,"22":5,"23":5,"24":2,"25":5,"26":1,"27":1,"28":1,"29":0,"30":1,"31":1,"32":1,"33":1,"34":1,"35":14,"36":6,"37":6,"38":6,"39":7,"40":7,"41":7,"42":1,"43":1,"44":1,"45":1,"46":1},"b":{"1":[5,0],"2":[2,0],"3":[2,0],"4":[2,3],"5":[0,1],"6":[1,0,0],"7":[0,14],"8":[0,14],"9":[6,0],"10":[7,0],"11":[1,0],"12":[1,0]},"f":{"1":1,"2":5,"3":2,"4":3,"5":1,"6":3,"7":2,"8":5,"9":1,"10":1,"11":14,"12":6,"13":7,"14":1},"fnMap":{"1":{"name":"LinkedList","line":1,"loc":{"start":{"line":1,"column":0},"end":{"line":1,"column":26}}},"2":{"name":"(anonymous_2)","line":7,"loc":{"start":{"line":7,"column":12},"end":{"line":7,"column":23}}},"3":{"name":"(anonymous_3)","line":13,"loc":{"start":{"line":13,"column":16},"end":{"line":13,"column":27}}},"4":{"name":"(anonymous_4)","line":19,"loc":{"start":{"line":19,"column":13},"end":{"line":19,"column":24}}},"5":{"name":"(anonymous_5)","line":22,"loc":{"start":{"line":22,"column":11},"end":{"line":22,"column":22}}},"6":{"name":"(anonymous_6)","line":25,"loc":{"start":{"line":25,"column":21},"end":{"line":25,"column":36}}},"7":{"name":"(anonymous_7)","line":31,"loc":{"start":{"line":31,"column":15},"end":{"line":31,"column":30}}},"8":{"name":"(anonymous_8)","line":38,"loc":{"start":{"line":38,"column":17},"end":{"line":38,"column":32}}},"9":{"name":"(anonymous_9)","line":45,"loc":{"start":{"line":45,"column":18},"end":{"line":45,"column":33}}},"10":{"name":"(anonymous_10)","line":52,"loc":{"start":{"line":52,"column":19},"end":{"line":52,"column":30}}},"11":{"name":"Node","line":61,"loc":{"start":{"line":61,"column":0},"end":{"line":61,"column":36}}},"12":{"name":"(anonymous_12)","line":66,"loc":{"start":{"line":66,"column":14},"end":{"line":66,"column":29}}},"13":{"name":"(anonymous_13)","line":72,"loc":{"start":{"line":72,"column":18},"end":{"line":72,"column":37}}},"14":{"name":"(anonymous_14)","line":78,"loc":{"start":{"line":78,"column":12},"end":{"line":78,"column":23}}}},"statementMap":{"1":{"start":{"line":1,"column":0},"end":{"line":59,"column":1}},"2":{"start":{"line":2,"column":2},"end":{"line":2,"column":28}},"3":{"start":{"line":3,"column":2},"end":{"line":58,"column":4}},"4":{"start":{"line":8,"column":6},"end":{"line":10,"column":7}},"5":{"start":{"line":9,"column":8},"end":{"line":9,"column":49}},"6":{"start":{"line":11,"column":6},"end":{"line":11,"column":30}},"7":{"start":{"line":14,"column":6},"end":{"line":16,"column":7}},"8":{"start":{"line":15,"column":8},"end":{"line":15,"column":53}},"9":{"start":{"line":17,"column":6},"end":{"line":17,"column":30}},"10":{"start":{"line":20,"column":6},"end":{"line":20,"column":40}},"11":{"start":{"line":23,"column":6},"end":{"line":23,"column":38}},"12":{"start":{"line":26,"column":6},"end":{"line":26,"column":54}},"13":{"start":{"line":27,"column":6},"end":{"line":27,"column":40}},"14":{"start":{"line":28,"column":6},"end":{"line":28,"column":28}},"15":{"start":{"line":29,"column":6},"end":{"line":29,"column":18}},"16":{"start":{"line":32,"column":6},"end":{"line":32,"column":32}},"17":{"start":{"line":33,"column":6},"end":{"line":34,"column":40}},"18":{"start":{"line":34,"column":8},"end":{"line":34,"column":40}},"19":{"start":{"line":35,"column":6},"end":{"line":35,"column":26}},"20":{"start":{"line":36,"column":6},"end":{"line":36,"column":18}},"21":{"start":{"line":39,"column":6},"end":{"line":39,"column":32}},"22":{"start":{"line":40,"column":6},"end":{"line":40,"column":38}},"23":{"start":{"line":41,"column":6},"end":{"line":42,"column":28}},"24":{"start":{"line":42,"column":8},"end":{"line":42,"column":28}},"25":{"start":{"line":43,"column":6},"end":{"line":43,"column":27}},"26":{"start":{"line":46,"column":6},"end":{"line":46,"column":32}},"27":{"start":{"line":47,"column":6},"end":{"line":47,"column":42}},"28":{"start":{"line":48,"column":6},"end":{"line":49,"column":30}},"29":{"start":{"line":49,"column":8},"end":{"line":49,"column":30}},"30":{"start":{"line":50,"column":6},"end":{"line":50,"column":31}},"31":{"start":{"line":53,"column":6},"end":{"line":53,"column":86}},"32":{"start":{"line":54,"column":6},"end":{"line":54,"column":32}},"33":{"start":{"line":55,"column":6},"end":{"line":55,"column":30}},"34":{"start":{"line":61,"column":0},"end":{"line":90,"column":1}},"35":{"start":{"line":62,"column":2},"end":{"line":88,"column":4}},"36":{"start":{"line":67,"column":6},"end":{"line":67,"column":23}},"37":{"start":{"line":68,"column":6},"end":{"line":70,"column":7}},"38":{"start":{"line":69,"column":8},"end":{"line":69,"column":34}},"39":{"start":{"line":73,"column":6},"end":{"line":73,"column":31}},"40":{"start":{"line":74,"column":6},"end":{"line":76,"column":7}},"41":{"start":{"line":75,"column":8},"end":{"line":75,"column":34}},"42":{"start":{"line":79,"column":6},"end":{"line":81,"column":7}},"43":{"start":{"line":80,"column":8},"end":{"line":80,"column":39}},"44":{"start":{"line":82,"column":6},"end":{"line":85,"column":7}},"45":{"start":{"line":83,"column":8},"end":{"line":83,"column":43}},"46":{"start":{"line":92,"column":0},"end":{"line":95,"column":2}}},"branchMap":{"1":{"line":8,"type":"if","locations":[{"start":{"line":8,"column":6},"end":{"line":8,"column":6}},{"start":{"line":8,"column":6},"end":{"line":8,"column":6}}]},"2":{"line":14,"type":"if","locations":[{"start":{"line":14,"column":6},"end":{"line":14,"column":6}},{"start":{"line":14,"column":6},"end":{"line":14,"column":6}}]},"3":{"line":33,"type":"if","locations":[{"start":{"line":33,"column":6},"end":{"line":33,"column":6}},{"start":{"line":33,"column":6},"end":{"line":33,"column":6}}]},"4":{"line":41,"type":"if","locations":[{"start":{"line":41,"column":6},"end":{"line":41,"column":6}},{"start":{"line":41,"column":6},"end":{"line":41,"column":6}}]},"5":{"line":48,"type":"if","locations":[{"start":{"line":48,"column":6},"end":{"line":48,"column":6}},{"start":{"line":48,"column":6},"end":{"line":48,"column":6}}]},"6":{"line":53,"type":"binary-expr","locations":[{"start":{"line":53,"column":17},"end":{"line":53,"column":38}},{"start":{"line":53,"column":42},"end":{"line":53,"column":67}},{"start":{"line":53,"column":71},"end":{"line":53,"column":85}}]},"7":{"line":63,"type":"cond-expr","locations":[{"start":{"line":63,"column":34},"end":{"line":63,"column":38}},{"start":{"line":63,"column":41},"end":{"line":63,"column":45}}]},"8":{"line":64,"type":"cond-expr","locations":[{"start":{"line":64,"column":42},"end":{"line":64,"column":50}},{"start":{"line":64,"column":53},"end":{"line":64,"column":57}}]},"9":{"line":68,"type":"if","locations":[{"start":{"line":68,"column":6},"end":{"line":68,"column":6}},{"start":{"line":68,"column":6},"end":{"line":68,"column":6}}]},"10":{"line":74,"type":"if","locations":[{"start":{"line":74,"column":6},"end":{"line":74,"column":6}},{"start":{"line":74,"column":6},"end":{"line":74,"column":6}}]},"11":{"line":79,"type":"if","locations":[{"start":{"line":79,"column":6},"end":{"line":79,"column":6}},{"start":{"line":79,"column":6},"end":{"line":79,"column":6}}]},"12":{"line":82,"type":"if","locations":[{"start":{"line":82,"column":6},"end":{"line":82,"column":6}},{"start":{"line":82,"column":6},"end":{"line":82,"column":6}}]}}},"/home/dvalle/nodeProj/DataStructures/src/quickSort.js":{"path":"/home/dvalle/nodeProj/DataStructures/src/quickSort.js","s":{"1":1,"2":6,"3":0,"4":6,"5":1,"6":6,"7":6,"8":6,"9":6,"10":3,"11":6,"12":2,"13":6,"14":1,"15":6,"16":6,"17":6,"18":20,"19":20,"20":9,"21":20,"22":11,"23":6,"24":1},"b":{"1":[0,6],"2":[3,3],"3":[2,4],"4":[9,11],"5":[11,9]},"f":{"1":6,"2":6,"3":6},"fnMap":{"1":{"name":"QuickSort","line":1,"loc":{"start":{"line":1,"column":0},"end":{"line":1,"column":25}}},"2":{"name":"sort","line":8,"loc":{"start":{"line":8,"column":2},"end":{"line":8,"column":22}}},"3":{"name":"divideAndPivot","line":18,"loc":{"start":{"line":18,"column":4},"end":{"line":18,"column":34}}}},"statementMap":{"1":{"start":{"line":1,"column":0},"end":{"line":31,"column":1}},"2":{"start":{"line":2,"column":2},"end":{"line":6,"column":3}},"3":{"start":{"line":3,"column":4},"end":{"line":3,"column":16}},"4":{"start":{"line":5,"column":4},"end":{"line":5,"column":22}},"5":{"start":{"line":8,"column":2},"end":{"line":30,"column":3}},"6":{"start":{"line":9,"column":4},"end":{"line":9,"column":23}},"7":{"start":{"line":10,"column":4},"end":{"line":10,"column":24}},"8":{"start":{"line":11,"column":4},"end":{"line":11,"column":37}},"9":{"start":{"line":12,"column":4},"end":{"line":13,"column":39}},"10":{"start":{"line":13,"column":6},"end":{"line":13,"column":39}},"11":{"start":{"line":14,"column":4},"end":{"line":15,"column":41}},"12":{"start":{"line":15,"column":6},"end":{"line":15,"column":41}},"13":{"start":{"line":16,"column":4},"end":{"line":16,"column":49}},"14":{"start":{"line":18,"column":4},"end":{"line":29,"column":5}},"15":{"start":{"line":19,"column":6},"end":{"line":19,"column":33}},"16":{"start":{"line":20,"column":6},"end":{"line":20,"column":29}},"17":{"start":{"line":21,"column":6},"end":{"line":27,"column":7}},"18":{"start":{"line":22,"column":8},"end":{"line":22,"column":28}},"19":{"start":{"line":23,"column":8},"end":{"line":24,"column":32}},"20":{"start":{"line":24,"column":10},"end":{"line":24,"column":32}},"21":{"start":{"line":25,"column":8},"end":{"line":26,"column":33}},"22":{"start":{"line":26,"column":10},"end":{"line":26,"column":33}},"23":{"start":{"line":28,"column":6},"end":{"line":28,"column":19}},"24":{"start":{"line":32,"column":0},"end":{"line":32,"column":27}}},"branchMap":{"1":{"line":2,"type":"if","locations":[{"start":{"line":2,"column":2},"end":{"line":2,"column":2}},{"start":{"line":2,"column":2},"end":{"line":2,"column":2}}]},"2":{"line":12,"type":"if","locations":[{"start":{"line":12,"column":4},"end":{"line":12,"column":4}},{"start":{"line":12,"column":4},"end":{"line":12,"column":4}}]},"3":{"line":14,"type":"if","locations":[{"start":{"line":14,"column":4},"end":{"line":14,"column":4}},{"start":{"line":14,"column":4},"end":{"line":14,"column":4}}]},"4":{"line":23,"type":"if","locations":[{"start":{"line":23,"column":8},"end":{"line":23,"column":8}},{"start":{"line":23,"column":8},"end":{"line":23,"column":8}}]},"5":{"line":25,"type":"if","locations":[{"start":{"line":25,"column":8},"end":{"line":25,"column":8}},{"start":{"line":25,"column":8},"end":{"line":25,"column":8}}]}}},"/home/dvalle/nodeProj/DataStructures/src/stack.js":{"path":"/home/dvalle/nodeProj/DataStructures/src/stack.js","s":{"1":1,"2":1,"3":1,"4":2,"5":2,"6":1,"7":1,"8":1,"9":1,"10":1,"11":0,"12":3,"13":1},"b":{"1":[1,0],"2":[0,1]},"f":{"1":1,"2":2,"3":1,"4":3,"5":1},"fnMap":{"1":{"name":"(anonymous_1)","line":1,"loc":{"start":{"line":1,"column":17},"end":{"line":1,"column":28}}},"2":{"name":"(anonymous_2)","line":6,"loc":{"start":{"line":6,"column":10},"end":{"line":6,"column":28}}},"3":{"name":"(anonymous_3)","line":10,"loc":{"start":{"line":10,"column":9},"end":{"line":10,"column":20}}},"4":{"name":"(anonymous_4)","line":20,"loc":{"start":{"line":20,"column":12},"end":{"line":20,"column":23}}},"5":{"name":"(anonymous_5)","line":23,"loc":{"start":{"line":23,"column":10},"end":{"line":23,"column":21}}}},"statementMap":{"1":{"start":{"line":1,"column":0},"end":{"line":27,"column":2}},"2":{"start":{"line":2,"column":2},"end":{"line":3,"column":18}},"3":{"start":{"line":5,"column":2},"end":{"line":26,"column":4}},"4":{"start":{"line":7,"column":6},"end":{"line":7,"column":14}},"5":{"start":{"line":8,"column":6},"end":{"line":8,"column":32}},"6":{"start":{"line":11,"column":6},"end":{"line":18,"column":7}},"7":{"start":{"line":12,"column":8},"end":{"line":12,"column":38}},"8":{"start":{"line":13,"column":8},"end":{"line":13,"column":31}},"9":{"start":{"line":14,"column":8},"end":{"line":14,"column":53}},"10":{"start":{"line":15,"column":8},"end":{"line":15,"column":23}},"11":{"start":{"line":17,"column":8},"end":{"line":17,"column":20}},"12":{"start":{"line":21,"column":6},"end":{"line":21,"column":19}},"13":{"start":{"line":24,"column":6},"end":{"line":24,"column":29}}},"branchMap":{"1":{"line":11,"type":"if","locations":[{"start":{"line":11,"column":6},"end":{"line":11,"column":6}},{"start":{"line":11,"column":6},"end":{"line":11,"column":6}}]},"2":{"line":14,"type":"cond-expr","locations":[{"start":{"line":14,"column":36},"end":{"line":14,"column":40}},{"start":{"line":14,"column":43},"end":{"line":14,"column":52}}]}}}}