TN:
SF:/home/dvalle/nodeProj/DataStructures/src/binarySearch.js
FN:1,BinarySearch
FN:8,searchbyIndex
FN:15,divideSearchDomains
FNF:3
FNH:3
FNDA:6,BinarySearch
FNDA:44,searchbyIndex
FNDA:43,divideSearchDomains
DA:1,1
DA:3,6
DA:4,5
DA:6,1
DA:8,1
DA:9,44
DA:10,1
DA:12,43
DA:15,1
DA:16,43
DA:17,43
DA:18,43
DA:19,38
DA:20,5
DA:21,1
DA:22,4
DA:26,1
LF:17
LH:17
BRDA:3,1,0,5
BRDA:3,1,1,1
BRDA:3,2,0,6
BRDA:3,2,1,5
BRDA:9,3,0,1
BRDA:9,3,1,43
BRDA:18,4,0,38
BRDA:18,4,1,5
BRDA:20,5,0,1
BRDA:20,5,1,4
BRF:10
BRH:10
end_of_record
TN:
SF:/home/dvalle/nodeProj/DataStructures/src/linkedList.js
FN:1,LinkedList
FN:7,(anonymous_2)
FN:13,(anonymous_3)
FN:19,(anonymous_4)
FN:22,(anonymous_5)
FN:25,(anonymous_6)
FN:31,(anonymous_7)
FN:38,(anonymous_8)
FN:45,(anonymous_9)
FN:52,(anonymous_10)
FN:61,Node
FN:66,(anonymous_12)
FN:72,(anonymous_13)
FN:78,(anonymous_14)
FNF:14
FNH:14
FNDA:1,LinkedList
FNDA:5,(anonymous_2)
FNDA:2,(anonymous_3)
FNDA:3,(anonymous_4)
FNDA:1,(anonymous_5)
FNDA:3,(anonymous_6)
FNDA:2,(anonymous_7)
FNDA:5,(anonymous_8)
FNDA:1,(anonymous_9)
FNDA:1,(anonymous_10)
FNDA:14,Node
FNDA:6,(anonymous_12)
FNDA:7,(anonymous_13)
FNDA:1,(anonymous_14)
DA:1,1
DA:2,1
DA:3,1
DA:8,5
DA:9,5
DA:11,5
DA:14,2
DA:15,2
DA:17,2
DA:20,3
DA:23,1
DA:26,3
DA:27,3
DA:28,3
DA:29,3
DA:32,2
DA:33,2
DA:34,2
DA:35,2
DA:36,2
DA:39,5
DA:40,5
DA:41,5
DA:42,2
DA:43,5
DA:46,1
DA:47,1
DA:48,1
DA:49,0
DA:50,1
DA:53,1
DA:54,1
DA:55,1
DA:61,1
DA:62,14
DA:67,6
DA:68,6
DA:69,6
DA:73,7
DA:74,7
DA:75,7
DA:79,1
DA:80,1
DA:82,1
DA:83,1
DA:92,1
LF:46
LH:45
BRDA:8,1,0,5
BRDA:8,1,1,0
BRDA:14,2,0,2
BRDA:14,2,1,0
BRDA:33,3,0,2
BRDA:33,3,1,0
BRDA:41,4,0,2
BRDA:41,4,1,3
BRDA:48,5,0,0
BRDA:48,5,1,1
BRDA:53,6,0,1
BRDA:53,6,1,0
BRDA:53,6,2,0
BRDA:63,7,0,0
BRDA:63,7,1,14
BRDA:64,8,0,0
BRDA:64,8,1,14
BRDA:68,9,0,6
BRDA:68,9,1,0
BRDA:74,10,0,7
BRDA:74,10,1,0
BRDA:79,11,0,1
BRDA:79,11,1,0
BRDA:82,12,0,1
BRDA:82,12,1,0
BRF:25
BRH:13
end_of_record
TN:
SF:/home/dvalle/nodeProj/DataStructures/src/quickSort.js
FN:1,QuickSort
FN:9,sort
FN:19,divideAndPivot
FNF:3
FNH:3
FNDA:6,QuickSort
FNDA:6,sort
FNDA:6,divideAndPivot
DA:1,1
DA:3,6
DA:4,0
DA:6,6
DA:9,1
DA:10,6
DA:11,6
DA:12,6
DA:13,6
DA:14,3
DA:15,6
DA:16,2
DA:17,6
DA:19,1
DA:20,6
DA:21,6
DA:22,6
DA:23,20
DA:24,20
DA:25,9
DA:26,20
DA:27,11
DA:29,6
DA:33,1
LF:24
LH:23
BRDA:3,1,0,0
BRDA:3,1,1,6
BRDA:13,2,0,3
BRDA:13,2,1,3
BRDA:15,3,0,2
BRDA:15,3,1,4
BRDA:24,4,0,9
BRDA:24,4,1,11
BRDA:26,5,0,11
BRDA:26,5,1,9
BRF:10
BRH:9
end_of_record
TN:
SF:/home/dvalle/nodeProj/DataStructures/src/stack.js
FN:1,(anonymous_1)
FN:6,(anonymous_2)
FN:10,(anonymous_3)
FN:20,(anonymous_4)
FN:23,(anonymous_5)
FNF:5
FNH:5
FNDA:1,(anonymous_1)
FNDA:2,(anonymous_2)
FNDA:1,(anonymous_3)
FNDA:3,(anonymous_4)
FNDA:1,(anonymous_5)
DA:1,1
DA:2,1
DA:5,1
DA:7,2
DA:8,2
DA:11,1
DA:12,1
DA:13,1
DA:14,1
DA:15,1
DA:17,0
DA:21,3
DA:24,1
LF:13
LH:12
BRDA:11,1,0,1
BRDA:11,1,1,0
BRDA:14,2,0,0
BRDA:14,2,1,1
BRF:4
BRH:2
end_of_record
